<?xml version="1.0" encoding="UTF-8"?>
<!-- Generated by org.testng.reporters.JUnitXMLReporter -->
<testsuite hostname="Toans-MBP-3" ignored="0" name="Course Details Test" tests="8" failures="5" timestamp="04 Sep 2019 17:29:02 GMT" time="506.357" errors="0">
  <testcase name="test_allTabsIsPrent" time="10.118" classname="appium.android.knowable.test.CourseDetailPageTest">
    <failure type="java.lang.AssertionError">
      <![CDATA[java.lang.AssertionError
at org.junit.Assert.fail(Assert.java:86)
at org.junit.Assert.assertTrue(Assert.java:41)
at org.junit.Assert.assertTrue(Assert.java:52)
at appium.android.knowable.test.CourseDetailPageTest.test_allTabsIsPrent(CourseDetailPageTest.java:36)
... Removed 25 stack frames]]>
    </failure>
  </testcase> <!-- test_allTabsIsPrent -->
  <testcase name="test_clickOnMiniPlayerResumeFullPlayer" time="63.257" classname="appium.android.knowable.test.CourseDetailPageTest"/>
  <testcase name="test_defaultSelectedTab" time="10.728" classname="appium.android.knowable.test.CourseDetailPageTest">
    <failure type="java.lang.NullPointerException">
      <![CDATA[java.lang.NullPointerException
at appium.android.knowable.test.CourseDetailPageTest.test_defaultSelectedTab(CourseDetailPageTest.java:43)
... Removed 25 stack frames]]>
    </failure>
  </testcase> <!-- test_defaultSelectedTab -->
  <testcase name="test_selectTab" time="19.757" classname="appium.android.knowable.test.CourseDetailPageTest">
    <failure type="java.lang.IndexOutOfBoundsException" message="Index: 1, Size: 0">
      <![CDATA[java.lang.IndexOutOfBoundsException: Index: 1, Size: 0
at java.util.ArrayList.rangeCheck(ArrayList.java:653)
at java.util.ArrayList.get(ArrayList.java:429)
at io.appium.java_client.pagefactory.ElementListInterceptor.getObject(ElementListInterceptor.java:40)
at io.appium.java_client.pagefactory.interceptors.InterceptorOfAListOfElements.intercept(InterceptorOfAListOfElements.java:49)
at $java.util.ArrayList$$EnhancerByCGLIB$$b5855c01.get(<generated>)
at appium.android.knowable.pageobject.CourseDetailPage.selectTab(CourseDetailPage.java:62)
at appium.android.knowable.test.CourseDetailPageTest.test_selectTab(CourseDetailPageTest.java:49)
... Removed 29 stack frames]]>
    </failure>
  </testcase> <!-- test_selectTab -->
  <testcase name="test_startLessonShouldShowFullPlayer" time="18.011" classname="appium.android.knowable.test.CourseDetailPageTest"/>
  <testcase name="test_swipeBack" time="10.085" classname="appium.android.knowable.test.CourseDetailPageTest">
    <failure type="java.lang.IndexOutOfBoundsException" message="Index: 2, Size: 0">
      <![CDATA[java.lang.IndexOutOfBoundsException: Index: 2, Size: 0
at java.util.ArrayList.rangeCheck(ArrayList.java:653)
at java.util.ArrayList.get(ArrayList.java:429)
at io.appium.java_client.pagefactory.ElementListInterceptor.getObject(ElementListInterceptor.java:40)
at io.appium.java_client.pagefactory.interceptors.InterceptorOfAListOfElements.intercept(InterceptorOfAListOfElements.java:49)
at $java.util.ArrayList$$EnhancerByCGLIB$$b5855c01.get(<generated>)
at appium.android.knowable.pageobject.CourseDetailPage.selectTab(CourseDetailPage.java:62)
at appium.android.knowable.test.CourseDetailPageTest.test_swipeBack(CourseDetailPageTest.java:70)
... Removed 29 stack frames]]>
    </failure>
  </testcase> <!-- test_swipeBack -->
  <testcase name="test_swipeToNextTab" time="18.656" classname="appium.android.knowable.test.CourseDetailPageTest">
    <failure type="org.openqa.selenium.NoSuchElementException" message="Can&amp;apos;t locate an element by this strategy: By.chained({By.id: course_detail_tab_layout})">
      <![CDATA[org.openqa.selenium.NoSuchElementException: Can't locate an element by this strategy: By.chained({By.id: course_detail_tab_layout})
at io.appium.java_client.pagefactory.AppiumElementLocator.findElement(AppiumElementLocator.java:126)
at io.appium.java_client.pagefactory.interceptors.InterceptorOfASingleElement.intercept(InterceptorOfASingleElement.java:60)
at io.appium.java_client.android.AndroidElement$$EnhancerByCGLIB$$b598166c.getLocation(<generated>)
at appium.android.knowable.pageobject.CourseDetailPage.swipeToNextTab(CourseDetailPage.java:66)
at appium.android.knowable.test.CourseDetailPageTest.test_swipeToNextTab(CourseDetailPageTest.java:61)
Caused by: org.openqa.selenium.TimeoutException: Expected condition failed: waiting for io.appium.java_client.pagefactory.AppiumElementLocator$WaitingFunction@6c421123 (tried for 1 second(s) with 500 milliseconds interval)
at org.openqa.selenium.support.ui.FluentWait.timeoutException(FluentWait.java:303)
at org.openqa.selenium.support.ui.FluentWait.until(FluentWait.java:271)
at io.appium.java_client.pagefactory.AppiumElementLocator.waitFor(AppiumElementLocator.java:99)
at io.appium.java_client.pagefactory.AppiumElementLocator.findElement(AppiumElementLocator.java:119)
... 29 more
Caused by: org.openqa.selenium.NoSuchElementException: Cannot locate an element using By.chained({By.id: course_detail_tab_layout})
For documentation on this error, please visit: http://seleniumhq.org/exceptions/no_such_element.html
Build info: version: '3.13.0', revision: '2f0d292', time: '2018-06-25T15:24:21.231Z'
System info: host: 'Toans-MBP-3', ip: 'fe80:0:0:0:1c5b:e3de:5f2d:5e11%en0', os.name: 'Mac OS X', os.arch: 'x86_64', os.version: '10.13.6', java.version: '1.8.0_60'
Driver info: driver.version: AndroidDriver
at io.appium.java_client.pagefactory.bys.builder.ByChained.findElement(ByChained.java:74)
at org.openqa.selenium.remote.RemoteWebDriver.findElement(RemoteWebDriver.java:314)
at io.appium.java_client.DefaultGenericMobileDriver.findElement(DefaultGenericMobileDriver.java:58)
at io.appium.java_client.AppiumDriver.findElement(AppiumDriver.java:1)
at io.appium.java_client.android.AndroidDriver.findElement(AndroidDriver.java:1)
at io.appium.java_client.pagefactory.bys.ContentMappedBy.findElement(ContentMappedBy.java:50)
at org.openqa.selenium.remote.RemoteWebDriver.findElement(RemoteWebDriver.java:314)
at io.appium.java_client.DefaultGenericMobileDriver.findElement(DefaultGenericMobileDriver.java:58)
at io.appium.java_client.AppiumDriver.findElement(AppiumDriver.java:1)
at io.appium.java_client.android.AndroidDriver.findElement(AndroidDriver.java:1)
at io.appium.java_client.pagefactory.AppiumElementLocator.lambda$0(AppiumElementLocator.java:120)
at io.appium.java_client.pagefactory.AppiumElementLocator$WaitingFunction.apply(AppiumElementLocator.java:172)
at io.appium.java_client.pagefactory.AppiumElementLocator$WaitingFunction.apply(AppiumElementLocator.java:1)
at org.openqa.selenium.support.ui.FluentWait.until(FluentWait.java:248)
... 31 more
... Removed 25 stack frames]]>
    </failure>
  </testcase> <!-- test_swipeToNextTab -->
  <testcase name="test_backFromFullPlayerShouldShowMiniPlayer" time="40.024" classname="appium.android.knowable.test.CourseDetailPageTest"/>
</testsuite> <!-- Course Details Test -->
